#
# There is insufficient memory for the Java Runtime Environment to continue.
# Native memory allocation (malloc) failed to allocate 250640 bytes for Chunk::new
# Possible reasons:
#   The system is out of physical RAM or swap space
#   The process is running with CompressedOops enabled, and the Java Heap may be blocking the growth of the native heap
# Possible solutions:
#   Reduce memory load on the system
#   Increase physical memory or swap space
#   Check if swap backing store is full
#   Decrease Java heap size (-Xmx/-Xms)
#   Decrease number of Java threads
#   Decrease Java thread stack sizes (-Xss)
#   Set larger code cache with -XX:ReservedCodeCacheSize=
#   JVM is running with Unscaled Compressed Oops mode in which the Java heap is
#     placed in the first 4GB address space. The Java Heap base address is the
#     maximum limit for the native heap growth. Please use -XX:HeapBaseMinAddress
#     to set the Java Heap base and to place the Java Heap above 4GB virtual address.
# This output file may be truncated or incomplete.
#
#  Out of Memory Error (arena.cpp:189), pid=9724, tid=5148
#
# JRE version: Java(TM) SE Runtime Environment (17.0.12+8) (build 17.0.12+8-LTS-286)
# Java VM: Java HotSpot(TM) 64-Bit Server VM (17.0.12+8-LTS-286, mixed mode, sharing, tiered, compressed oops, compressed class ptrs, g1 gc, windows-amd64)
# No core dump will be written. Minidumps are not enabled by default on client versions of Windows
#

---------------  S U M M A R Y ------------

Command Line: -javaagent:C:\Program Files\JetBrains\IntelliJ IDEA 2022.1\lib\idea_rt.jar=60416:C:\Program Files\JetBrains\IntelliJ IDEA 2022.1\bin -Dfile.encoding=UTF-8 --module-path=D:\oop\LibraryManagementSystem2\target\classes;C:\Users\ADMIN\.m2\repository\org\openjfx\javafx-controls\17.0.6\javafx-controls-17.0.6-win.jar;C:\Users\ADMIN\.m2\repository\org\openjfx\javafx-base\17.0.6\javafx-base-17.0.6-win.jar;C:\Users\ADMIN\.m2\repository\org\openjfx\javafx-fxml\17.0.6\javafx-fxml-17.0.6-win.jar;C:\Users\ADMIN\.m2\repository\com\dlsc\formsfx\formsfx-core\11.6.0\formsfx-core-11.6.0.jar;C:\Users\ADMIN\.m2\repository\org\openjfx\javafx-graphics\17.0.6\javafx-graphics-17.0.6-win.jar -Djdk.module.main=com.example.librarymanagementsystem2 com.example.librarymanagementsystem2/com.example.librarymanagementsystem2.HelloApplication

Host: AMD Ryzen 5 3500U with Radeon Vega Mobile Gfx  , 8 cores, 3G,  Windows 11 , 64 bit Build 22621 (10.0.22621.3958)
Time: Tue Nov 19 14:39:32 2024 SE Asia Standard Time elapsed time: 1.488543 seconds (0d 0h 0m 1s)

---------------  T H R E A D  ---------------

Current thread (0x000001ec133f8af0):  JavaThread "C2 CompilerThread0" daemon [_thread_in_native, id=5148, stack(0x000000cd99800000,0x000000cd99900000)]


Current CompileTask:
C2:   1489  685       4       java.util.HashMap::resize (356 bytes)

Stack: [0x000000cd99800000,0x000000cd99900000]
Native frames: (J=compiled Java code, j=interpreted, Vv=VM code, C=native code)
V  [jvm.dll+0x67a04a]
V  [jvm.dll+0x7da4ed]
V  [jvm.dll+0x7dbe33]
V  [jvm.dll+0x7dc4a3]
V  [jvm.dll+0x24508f]
V  [jvm.dll+0xab773]
V  [jvm.dll+0xabd3c]
V  [jvm.dll+0x361bee]
V  [jvm.dll+0x32c431]
V  [jvm.dll+0x32b8ca]
V  [jvm.dll+0x21683f]
V  [jvm.dll+0x215c6f]
V  [jvm.dll+0x1a2960]
V  [jvm.dll+0x22610b]
V  [jvm.dll+0x2242ab]
V  [jvm.dll+0x79075c]
V  [jvm.dll+0x78abea]
V  [jvm.dll+0x678f35]
C  [ucrtbase.dll+0x29333]
C  [KERNEL32.DLL+0x1257d]
C  [ntdll.dll+0x5af08]


---------------  P R O C E S S  ---------------

Threads class SMR info:
_java_thread_list=0x000001ec137c9a00, length=13, elements={
0x000001ec77d13620, 0x000001ec77dcf5b0, 0x000001ec77dd0340, 0x000001ec133f0100,
0x000001ec133f1be0, 0x000001ec133f44c0, 0x000001ec133f6da0, 0x000001ec133f8af0,
0x000001ec13403f30, 0x000001ec13407c60, 0x000001ec135e84f0, 0x000001ec135e9420,
0x000001ec135e9930
}

Java Threads: ( => current thread )
  0x000001ec77d13620 JavaThread "main" [_thread_in_vm, id=13612, stack(0x000000cd98b00000,0x000000cd98c00000)]
  0x000001ec77dcf5b0 JavaThread "Reference Handler" daemon [_thread_blocked, id=5772, stack(0x000000cd99200000,0x000000cd99300000)]
  0x000001ec77dd0340 JavaThread "Finalizer" daemon [_thread_blocked, id=5920, stack(0x000000cd99300000,0x000000cd99400000)]
  0x000001ec133f0100 JavaThread "Signal Dispatcher" daemon [_thread_blocked, id=13428, stack(0x000000cd99400000,0x000000cd99500000)]
  0x000001ec133f1be0 JavaThread "Attach Listener" daemon [_thread_blocked, id=12228, stack(0x000000cd99500000,0x000000cd99600000)]
  0x000001ec133f44c0 JavaThread "Service Thread" daemon [_thread_blocked, id=9040, stack(0x000000cd99600000,0x000000cd99700000)]
  0x000001ec133f6da0 JavaThread "Monitor Deflation Thread" daemon [_thread_blocked, id=2052, stack(0x000000cd99700000,0x000000cd99800000)]
=>0x000001ec133f8af0 JavaThread "C2 CompilerThread0" daemon [_thread_in_native, id=5148, stack(0x000000cd99800000,0x000000cd99900000)]
  0x000001ec13403f30 JavaThread "C1 CompilerThread0" daemon [_thread_blocked, id=7220, stack(0x000000cd99900000,0x000000cd99a00000)]
  0x000001ec13407c60 JavaThread "Sweeper thread" daemon [_thread_blocked, id=12116, stack(0x000000cd99a00000,0x000000cd99b00000)]
  0x000001ec135e84f0 JavaThread "Common-Cleaner" daemon [_thread_blocked, id=4368, stack(0x000000cd99b00000,0x000000cd99c00000)]
  0x000001ec135e9420 JavaThread "Monitor Ctrl-Break" daemon [_thread_in_native, id=7708, stack(0x000000cd99c00000,0x000000cd99d00000)]
  0x000001ec135e9930 JavaThread "Notification Thread" daemon [_thread_blocked, id=6180, stack(0x000000cd99d00000,0x000000cd99e00000)]

Other Threads:
  0x000001ec77dcbba0 VMThread "VM Thread" [stack: 0x000000cd99100000,0x000000cd99200000] [id=4772]
  0x000001ec77d65f40 WatcherThread [stack: 0x000000cd99e00000,0x000000cd99f00000] [id=14176]
  0x000001ec77d4af20 GCTaskThread "GC Thread#0" [stack: 0x000000cd98c00000,0x000000cd98d00000] [id=13620]
  0x000001ec77d539d0 ConcurrentGCThread "G1 Main Marker" [stack: 0x000000cd98d00000,0x000000cd98e00000] [id=10792]
  0x000001ec77d55aa0 ConcurrentGCThread "G1 Conc#0" [stack: 0x000000cd98e00000,0x000000cd98f00000] [id=14496]
  0x000001ec77da5040 ConcurrentGCThread "G1 Refine#0" [stack: 0x000000cd98f00000,0x000000cd99000000] [id=1136]
  0x000001ec77da5980 ConcurrentGCThread "G1 Service" [stack: 0x000000cd99000000,0x000000cd99100000] [id=10716]

Threads with active compile tasks:
C2 CompilerThread0     1579  685       4       java.util.HashMap::resize (356 bytes)

VM state: not at safepoint (normal execution)

VM Mutex/Monitor currently owned by a thread:  ([mutex/lock_event])
[0x000001ec77d00ef0] Metaspace_lock - owner thread: 0x000001ec77d13620

Heap address: 0x00000000c9e00000, size: 866 MB, Compressed Oops mode: 32-bit

CDS archive(s) mapped at: [0x000001ec14000000-0x000001ec14bd0000-0x000001ec14bd0000), size 12386304, SharedBaseAddress: 0x000001ec14000000, ArchiveRelocationMode: 1.
Compressed class space mapped at: 0x000001ec15000000-0x000001ec55000000, reserved size: 1073741824
Narrow klass base: 0x000001ec14000000, Narrow klass shift: 0, Narrow klass range: 0x100000000

GC Precious Log:
 CPUs: 8 total, 8 available
 Memory: 3459M
 Large Page Support: Disabled
 NUMA Support: Disabled
 Compressed Oops: Enabled (32-bit)
 Heap Region Size: 1M
 Heap Min Capacity: 8M
 Heap Initial Capacity: 56M
 Heap Max Capacity: 866M
 Pre-touch: Disabled
 Parallel Workers: 8
 Concurrent Workers: 2
 Concurrent Refinement Workers: 8
 Periodic GC: Disabled

Heap:
 garbage-first heap   total 57344K, used 12288K [0x00000000c9e00000, 0x0000000100000000)
  region size 1024K, 14 young (14336K), 0 survivors (0K)
 Metaspace       used 2775K, committed 2944K, reserved 1114112K
  class space    used 285K, committed 384K, reserved 1048576K

Heap Regions: E=young(eden), S=young(survivor), O=old, HS=humongous(starts), HC=humongous(continues), CS=collection set, F=free, OA=open archive, CA=closed archive, TAMS=top-at-mark-start (previous, next)
|   0|0x00000000c9e00000, 0x00000000c9e00000, 0x00000000c9f00000|  0%| F|  |TAMS 0x00000000c9e00000, 0x00000000c9e00000| Untracked 
|   1|0x00000000c9f00000, 0x00000000c9f00000, 0x00000000ca000000|  0%| F|  |TAMS 0x00000000c9f00000, 0x00000000c9f00000| Untracked 
|   2|0x00000000ca000000, 0x00000000ca000000, 0x00000000ca100000|  0%| F|  |TAMS 0x00000000ca000000, 0x00000000ca000000| Untracked 
|   3|0x00000000ca100000, 0x00000000ca100000, 0x00000000ca200000|  0%| F|  |TAMS 0x00000000ca100000, 0x00000000ca100000| Untracked 
|   4|0x00000000ca200000, 0x00000000ca200000, 0x00000000ca300000|  0%| F|  |TAMS 0x00000000ca200000, 0x00000000ca200000| Untracked 
|   5|0x00000000ca300000, 0x00000000ca300000, 0x00000000ca400000|  0%| F|  |TAMS 0x00000000ca300000, 0x00000000ca300000| Untracked 
|   6|0x00000000ca400000, 0x00000000ca400000, 0x00000000ca500000|  0%| F|  |TAMS 0x00000000ca400000, 0x00000000ca400000| Untracked 
|   7|0x00000000ca500000, 0x00000000ca500000, 0x00000000ca600000|  0%| F|  |TAMS 0x00000000ca500000, 0x00000000ca500000| Untracked 
|   8|0x00000000ca600000, 0x00000000ca600000, 0x00000000ca700000|  0%| F|  |TAMS 0x00000000ca600000, 0x00000000ca600000| Untracked 
|   9|0x00000000ca700000, 0x00000000ca700000, 0x00000000ca800000|  0%| F|  |TAMS 0x00000000ca700000, 0x00000000ca700000| Untracked 
|  10|0x00000000ca800000, 0x00000000ca800000, 0x00000000ca900000|  0%| F|  |TAMS 0x00000000ca800000, 0x00000000ca800000| Untracked 
|  11|0x00000000ca900000, 0x00000000ca900000, 0x00000000caa00000|  0%| F|  |TAMS 0x00000000ca900000, 0x00000000ca900000| Untracked 
|  12|0x00000000caa00000, 0x00000000caa00000, 0x00000000cab00000|  0%| F|  |TAMS 0x00000000caa00000, 0x00000000caa00000| Untracked 
|  13|0x00000000cab00000, 0x00000000cab00000, 0x00000000cac00000|  0%| F|  |TAMS 0x00000000cab00000, 0x00000000cab00000| Untracked 
|  14|0x00000000cac00000, 0x00000000cac00000, 0x00000000cad00000|  0%| F|  |TAMS 0x00000000cac00000, 0x00000000cac00000| Untracked 
|  15|0x00000000cad00000, 0x00000000cad00000, 0x00000000cae00000|  0%| F|  |TAMS 0x00000000cad00000, 0x00000000cad00000| Untracked 
|  16|0x00000000cae00000, 0x00000000cae00000, 0x00000000caf00000|  0%| F|  |TAMS 0x00000000cae00000, 0x00000000cae00000| Untracked 
|  17|0x00000000caf00000, 0x00000000caf00000, 0x00000000cb000000|  0%| F|  |TAMS 0x00000000caf00000, 0x00000000caf00000| Untracked 
|  18|0x00000000cb000000, 0x00000000cb000000, 0x00000000cb100000|  0%| F|  |TAMS 0x00000000cb000000, 0x00000000cb000000| Untracked 
|  19|0x00000000cb100000, 0x00000000cb100000, 0x00000000cb200000|  0%| F|  |TAMS 0x00000000cb100000, 0x00000000cb100000| Untracked 
|  20|0x00000000cb200000, 0x00000000cb200000, 0x00000000cb300000|  0%| F|  |TAMS 0x00000000cb200000, 0x00000000cb200000| Untracked 
|  21|0x00000000cb300000, 0x00000000cb300000, 0x00000000cb400000|  0%| F|  |TAMS 0x00000000cb300000, 0x00000000cb300000| Untracked 
|  22|0x00000000cb400000, 0x00000000cb400000, 0x00000000cb500000|  0%| F|  |TAMS 0x00000000cb400000, 0x00000000cb400000| Untracked 
|  23|0x00000000cb500000, 0x00000000cb500000, 0x00000000cb600000|  0%| F|  |TAMS 0x00000000cb500000, 0x00000000cb500000| Untracked 
|  24|0x00000000cb600000, 0x00000000cb600000, 0x00000000cb700000|  0%| F|  |TAMS 0x00000000cb600000, 0x00000000cb600000| Untracked 
|  25|0x00000000cb700000, 0x00000000cb700000, 0x00000000cb800000|  0%| F|  |TAMS 0x00000000cb700000, 0x00000000cb700000| Untracked 
|  26|0x00000000cb800000, 0x00000000cb800000, 0x00000000cb900000|  0%| F|  |TAMS 0x00000000cb800000, 0x00000000cb800000| Untracked 
|  27|0x00000000cb900000, 0x00000000cb900000, 0x00000000cba00000|  0%| F|  |TAMS 0x00000000cb900000, 0x00000000cb900000| Untracked 
|  28|0x00000000cba00000, 0x00000000cba00000, 0x00000000cbb00000|  0%| F|  |TAMS 0x00000000cba00000, 0x00000000cba00000| Untracked 
|  29|0x00000000cbb00000, 0x00000000cbb00000, 0x00000000cbc00000|  0%| F|  |TAMS 0x00000000cbb00000, 0x00000000cbb00000| Untracked 
|  30|0x00000000cbc00000, 0x00000000cbc00000, 0x00000000cbd00000|  0%| F|  |TAMS 0x00000000cbc00000, 0x00000000cbc00000| Untracked 
|  31|0x00000000cbd00000, 0x00000000cbd00000, 0x00000000cbe00000|  0%| F|  |TAMS 0x00000000cbd00000, 0x00000000cbd00000| Untracked 
|  32|0x00000000cbe00000, 0x00000000cbe00000, 0x00000000cbf00000|  0%| F|  |TAMS 0x00000000cbe00000, 0x00000000cbe00000| Untracked 
|  33|0x00000000cbf00000, 0x00000000cbf00000, 0x00000000cc000000|  0%| F|  |TAMS 0x00000000cbf00000, 0x00000000cbf00000| Untracked 
|  34|0x00000000cc000000, 0x00000000cc000000, 0x00000000cc100000|  0%| F|  |TAMS 0x00000000cc000000, 0x00000000cc000000| Untracked 
|  35|0x00000000cc100000, 0x00000000cc100000, 0x00000000cc200000|  0%| F|  |TAMS 0x00000000cc100000, 0x00000000cc100000| Untracked 
|  36|0x00000000cc200000, 0x00000000cc200000, 0x00000000cc300000|  0%| F|  |TAMS 0x00000000cc200000, 0x00000000cc200000| Untracked 
|  37|0x00000000cc300000, 0x00000000cc300000, 0x00000000cc400000|  0%| F|  |TAMS 0x00000000cc300000, 0x00000000cc300000| Untracked 
|  38|0x00000000cc400000, 0x00000000cc400000, 0x00000000cc500000|  0%| F|  |TAMS 0x00000000cc400000, 0x00000000cc400000| Untracked 
|  39|0x00000000cc500000, 0x00000000cc500000, 0x00000000cc600000|  0%| F|  |TAMS 0x00000000cc500000, 0x00000000cc500000| Untracked 
|  40|0x00000000cc600000, 0x00000000cc600000, 0x00000000cc700000|  0%| F|  |TAMS 0x00000000cc600000, 0x00000000cc600000| Untracked 
|  41|0x00000000cc700000, 0x00000000cc700000, 0x00000000cc800000|  0%| F|  |TAMS 0x00000000cc700000, 0x00000000cc700000| Untracked 
|  42|0x00000000cc800000, 0x00000000cc900000, 0x00000000cc900000|100%| E|  |TAMS 0x00000000cc800000, 0x00000000cc800000| Complete 
|  43|0x00000000cc900000, 0x00000000cca00000, 0x00000000cca00000|100%| E|  |TAMS 0x00000000cc900000, 0x00000000cc900000| Complete 
|  44|0x00000000cca00000, 0x00000000ccb00000, 0x00000000ccb00000|100%| E|CS|TAMS 0x00000000cca00000, 0x00000000cca00000| Complete 
|  45|0x00000000ccb00000, 0x00000000ccc00000, 0x00000000ccc00000|100%| E|CS|TAMS 0x00000000ccb00000, 0x00000000ccb00000| Complete 
|  46|0x00000000ccc00000, 0x00000000ccd00000, 0x00000000ccd00000|100%| E|CS|TAMS 0x00000000ccc00000, 0x00000000ccc00000| Complete 
|  47|0x00000000ccd00000, 0x00000000cce00000, 0x00000000cce00000|100%| E|CS|TAMS 0x00000000ccd00000, 0x00000000ccd00000| Complete 
|  48|0x00000000cce00000, 0x00000000ccf00000, 0x00000000ccf00000|100%| E|CS|TAMS 0x00000000cce00000, 0x00000000cce00000| Complete 
|  49|0x00000000ccf00000, 0x00000000cd000000, 0x00000000cd000000|100%| E|CS|TAMS 0x00000000ccf00000, 0x00000000ccf00000| Complete 
|  50|0x00000000cd000000, 0x00000000cd100000, 0x00000000cd100000|100%| E|CS|TAMS 0x00000000cd000000, 0x00000000cd000000| Complete 
|  51|0x00000000cd100000, 0x00000000cd200000, 0x00000000cd200000|100%| E|CS|TAMS 0x00000000cd100000, 0x00000000cd100000| Complete 
|  52|0x00000000cd200000, 0x00000000cd300000, 0x00000000cd300000|100%| E|CS|TAMS 0x00000000cd200000, 0x00000000cd200000| Complete 
|  53|0x00000000cd300000, 0x00000000cd400000, 0x00000000cd400000|100%| E|CS|TAMS 0x00000000cd300000, 0x00000000cd300000| Complete 
|  54|0x00000000cd400000, 0x00000000cd500000, 0x00000000cd500000|100%| E|CS|TAMS 0x00000000cd400000, 0x00000000cd400000| Complete 
|  55|0x00000000cd500000, 0x00000000cd600000, 0x00000000cd600000|100%| E|CS|TAMS 0x00000000cd500000, 0x00000000cd500000| Complete 

Card table byte_map: [0x000001ec7fac0000,0x000001ec7fc80000] _byte_map_base: 0x000001ec7f471000

Marking Bits (Prev, Next): (CMBitMap*) 0x000001ec77d4b450, (CMBitMap*) 0x000001ec77d4b490
 Prev Bits: [0x000001ec0f000000, 0x000001ec0fd88000)
 Next Bits: [0x000001ec0fd90000, 0x000001ec10b18000)

Polling page: 0x000001ec75c60000

Metaspace:

Usage:
  Non-class:      2.43 MB used.
      Class:    285.88 KB used.
       Both:      2.71 MB used.

Virtual space:
  Non-class space:       64.00 MB reserved,       2.50 MB (  4%) committed,  1 nodes.
      Class space:        1.00 GB reserved,     384.00 KB ( <1%) committed,  1 nodes.
             Both:        1.06 GB reserved,       2.88 MB ( <1%) committed. 

Chunk freelists:
   Non-Class:  11.48 MB
       Class:  15.65 MB
        Both:  27.13 MB

MaxMetaspaceSize: unlimited
CompressedClassSpaceSize: 1.00 GB
Initial GC threshold: 21.00 MB
Current GC threshold: 21.00 MB
CDS: on
MetaspaceReclaimPolicy: balanced
 - commit_granule_bytes: 65536.
 - commit_granule_words: 8192.
 - virtual_space_node_default_size: 8388608.
 - enlarge_chunks_in_place: 1.
 - new_chunks_are_fully_committed: 0.
 - uncommit_free_chunks: 1.
 - use_allocation_guard: 0.
 - handle_deallocations: 1.


Internal statistics:

num_allocs_failed_limit: 0.
num_arena_births: 58.
num_arena_deaths: 0.
num_vsnodes_births: 2.
num_vsnodes_deaths: 0.
num_space_committed: 46.
num_space_uncommitted: 0.
num_chunks_returned_to_freelist: 0.
num_chunks_taken_from_freelist: 90.
num_chunk_merges: 0.
num_chunk_splits: 63.
num_chunks_enlarged: 39.
num_inconsistent_stats: 0.

CodeHeap 'non-profiled nmethods': size=120000Kb used=232Kb max_used=232Kb free=119767Kb
 bounds [0x000001ec07ad0000, 0x000001ec07d40000, 0x000001ec0f000000]
CodeHeap 'profiled nmethods': size=120000Kb used=1058Kb max_used=1058Kb free=118941Kb
 bounds [0x000001ec00000000, 0x000001ec00270000, 0x000001ec07530000]
CodeHeap 'non-nmethods': size=5760Kb used=1147Kb max_used=1156Kb free=4612Kb
 bounds [0x000001ec07530000, 0x000001ec077a0000, 0x000001ec07ad0000]
 total_blobs=1145 nmethods=709 adapters=349
 compilation: enabled
              stopped_count=0, restarted_count=0
 full_count=0

Compilation events (20 events):
Event: 1.466 Thread 0x000001ec13403f30  697       3       java.util.concurrent.ConcurrentHashMap$BaseIterator::hasNext (13 bytes)
Event: 1.467 Thread 0x000001ec13403f30 nmethod 697 0x000001ec00101b10 code [0x000001ec00101ca0, 0x000001ec00101e18]
Event: 1.467 Thread 0x000001ec13403f30  699       1       java.lang.Module::getDescriptor (5 bytes)
Event: 1.467 Thread 0x000001ec13403f30 nmethod 699 0x000001ec07b09090 code [0x000001ec07b09220, 0x000001ec07b092f8]
Event: 1.467 Thread 0x000001ec13403f30  700   !   3       java.nio.DirectByteBuffer::get (34 bytes)
Event: 1.468 Thread 0x000001ec13403f30 nmethod 700 0x000001ec00101e90 code [0x000001ec001020c0, 0x000001ec001028d8]
Event: 1.468 Thread 0x000001ec13403f30  701       3       java.nio.DirectByteBuffer::ix (10 bytes)
Event: 1.469 Thread 0x000001ec13403f30 nmethod 701 0x000001ec00102d90 code [0x000001ec00102f20, 0x000001ec00103038]
Event: 1.469 Thread 0x000001ec13403f30  703   !   3       jdk.internal.misc.ScopedMemoryAccess::getByte (20 bytes)
Event: 1.470 Thread 0x000001ec13403f30 nmethod 703 0x000001ec00103110 code [0x000001ec001032e0, 0x000001ec00103758]
Event: 1.470 Thread 0x000001ec13403f30  704   !   3       jdk.internal.misc.ScopedMemoryAccess::getByteInternal (36 bytes)
Event: 1.470 Thread 0x000001ec13403f30 nmethod 704 0x000001ec00103990 code [0x000001ec00103b40, 0x000001ec00103da8]
Event: 1.470 Thread 0x000001ec13403f30  705       1       java.nio.Buffer::limit (5 bytes)
Event: 1.470 Thread 0x000001ec13403f30 nmethod 705 0x000001ec07b09790 code [0x000001ec07b09920, 0x000001ec07b099f8]
Event: 1.475 Thread 0x000001ec13403f30  706       3       java.nio.ByteBuffer::position (8 bytes)
Event: 1.475 Thread 0x000001ec13403f30 nmethod 706 0x000001ec00103f10 code [0x000001ec001040a0, 0x000001ec001041e8]
Event: 1.476 Thread 0x000001ec13403f30  707       1       sun.nio.fs.NativeBuffer::size (5 bytes)
Event: 1.476 Thread 0x000001ec13403f30 nmethod 707 0x000001ec07b09a90 code [0x000001ec07b09c20, 0x000001ec07b09cf8]
Event: 1.478 Thread 0x000001ec13403f30  708       3       java.io.WinNTFileSystem::normalize (224 bytes)
Event: 1.482 Thread 0x000001ec13403f30 nmethod 708 0x000001ec00104290 code [0x000001ec00104680, 0x000001ec001061f8]

GC Heap History (0 events):
No events

Deoptimization events (20 events):
Event: 0.466 Thread 0x000001ec77d13620 DEOPT PACKING pc=0x000001ec07ad81dc sp=0x000000cd98bfe870
Event: 0.466 Thread 0x000001ec77d13620 DEOPT UNPACKING pc=0x000001ec075823a3 sp=0x000000cd98bfe800 mode 2
Event: 0.466 Thread 0x000001ec77d13620 Uncommon trap: trap_request=0xffffff45 fr.pc=0x000001ec07ad6af4 relative=0x0000000000000074
Event: 0.466 Thread 0x000001ec77d13620 Uncommon trap: reason=unstable_if action=reinterpret pc=0x000001ec07ad6af4 method=java.lang.String.isLatin1()Z @ 10 c2
Event: 0.466 Thread 0x000001ec77d13620 DEOPT PACKING pc=0x000001ec07ad6af4 sp=0x000000cd98bff250
Event: 0.466 Thread 0x000001ec77d13620 DEOPT UNPACKING pc=0x000001ec075823a3 sp=0x000000cd98bff190 mode 2
Event: 0.482 Thread 0x000001ec77d13620 DEOPT PACKING pc=0x000001ec000480d7 sp=0x000000cd98bfd3f0
Event: 0.482 Thread 0x000001ec77d13620 DEOPT UNPACKING pc=0x000001ec07582b43 sp=0x000000cd98bfc850 mode 0
Event: 0.705 Thread 0x000001ec77d13620 Uncommon trap: trap_request=0xffffff45 fr.pc=0x000001ec07ade86c relative=0x000000000000062c
Event: 0.705 Thread 0x000001ec77d13620 Uncommon trap: reason=unstable_if action=reinterpret pc=0x000001ec07ade86c method=jdk.internal.module.Checks.isJavaIdentifier(Ljava/lang/String;)Z @ 4 c2
Event: 0.706 Thread 0x000001ec77d13620 DEOPT PACKING pc=0x000001ec07ade86c sp=0x000000cd98bfe630
Event: 0.706 Thread 0x000001ec77d13620 DEOPT UNPACKING pc=0x000001ec075823a3 sp=0x000000cd98bfe5d0 mode 2
Event: 1.408 Thread 0x000001ec77d13620 DEOPT PACKING pc=0x000001ec000ddff7 sp=0x000000cd98bfe500
Event: 1.408 Thread 0x000001ec77d13620 DEOPT UNPACKING pc=0x000001ec07582b43 sp=0x000000cd98bfd920 mode 0
Event: 1.440 Thread 0x000001ec77d13620 DEOPT PACKING pc=0x000001ec000d97d2 sp=0x000000cd98bfe550
Event: 1.440 Thread 0x000001ec77d13620 DEOPT UNPACKING pc=0x000001ec07582b43 sp=0x000000cd98bfd9e8 mode 0
Event: 1.453 Thread 0x000001ec133f1be0 Uncommon trap: trap_request=0xffffff45 fr.pc=0x000001ec07ae0918 relative=0x00000000000000f8
Event: 1.453 Thread 0x000001ec133f1be0 Uncommon trap: reason=unstable_if action=reinterpret pc=0x000001ec07ae0918 method=java.lang.StringLatin1.lastIndexOf([BI[BII)I @ 86 c2
Event: 1.453 Thread 0x000001ec133f1be0 DEOPT PACKING pc=0x000001ec07ae0918 sp=0x000000cd995fe150
Event: 1.453 Thread 0x000001ec133f1be0 DEOPT UNPACKING pc=0x000001ec075823a3 sp=0x000000cd995fe0a8 mode 2

Classes unloaded (0 events):
No events

Classes redefined (0 events):
No events

Internal exceptions (5 events):
Event: 0.188 Thread 0x000001ec77d13620 Exception <a 'java/lang/NoSuchMethodError'{0x00000000cd433e30}: 'void java.lang.invoke.DirectMethodHandle$Holder.invokeVirtual(java.lang.Object, java.lang.Object)'> (0x00000000cd433e30) 
thrown [s\open\src\hotspot\share\interpreter\linkResolver.cpp, line 759]
Event: 0.475 Thread 0x000001ec135e9420 Exception <a 'java/lang/NoSuchMethodError'{0x00000000ccf98ae8}: 'java.lang.Object java.lang.invoke.DirectMethodHandle$Holder.invokeStaticInit(java.lang.Object)'> (0x00000000ccf98ae8) 
thrown [s\open\src\hotspot\share\interpreter\linkResolver.cpp, line 759]
Event: 0.492 Thread 0x000001ec135e9420 Exception <a 'java/lang/ClassNotFoundException'{0x00000000ccfa3ca8}: jdk/net/ExtendedSocketOptions> (0x00000000ccfa3ca8) 
thrown [s\open\src\hotspot\share\classfile\systemDictionary.cpp, line 256]
Event: 0.494 Thread 0x000001ec135e9420 Exception <a 'java/lang/NoSuchMethodError'{0x00000000ccfa5540}: 'void java.lang.invoke.DirectMethodHandle$Holder.invokeStatic(java.lang.Object, java.lang.Object)'> (0x00000000ccfa5540) 
thrown [s\open\src\hotspot\share\interpreter\linkResolver.cpp, line 759]
Event: 1.478 Thread 0x000001ec133f1be0 Exception <a 'sun/nio/fs/WindowsException'{0x00000000cc9d7af0}> (0x00000000cc9d7af0) 
thrown [s\open\src\hotspot\share\prims\jni.cpp, line 516]

VM Operations (8 events):
Event: 0.365 Executing VM operation: HandshakeAllThreads
Event: 0.365 Executing VM operation: HandshakeAllThreads done
Event: 0.366 Executing VM operation: HandshakeAllThreads
Event: 0.366 Executing VM operation: HandshakeAllThreads done
Event: 0.470 Executing VM operation: HandshakeAllThreads
Event: 0.470 Executing VM operation: HandshakeAllThreads done
Event: 1.468 Executing VM operation: Cleanup
Event: 1.469 Executing VM operation: Cleanup done

Events (20 events):
Event: 1.457 loading class java/time/zone/ZoneRulesProvider
Event: 1.457 loading class java/time/zone/ZoneRulesProvider done
Event: 1.457 loading class java/time/zone/ZoneRulesProvider$1
Event: 1.457 loading class java/time/zone/ZoneRulesProvider$1 done
Event: 1.457 loading class java/time/zone/TzdbZoneRulesProvider
Event: 1.458 loading class java/time/zone/TzdbZoneRulesProvider done
Event: 1.459 Loaded shared library C:\Users\ADMIN\.openjfx\cache\17.0.6\msvcp140.dll
Event: 1.474 Loaded shared library C:\Users\ADMIN\.openjfx\cache\17.0.6\msvcp140_1.dll
Event: 1.478 loading class sun/nio/fs/WindowsException
Event: 1.478 loading class sun/nio/fs/WindowsException done
Event: 1.479 loading class java/nio/file/NoSuchFileException
Event: 1.479 loading class java/nio/file/FileSystemException
Event: 1.479 loading class java/nio/file/FileSystemException done
Event: 1.479 loading class java/nio/file/NoSuchFileException done
Event: 1.480 loading class java/time/zone/Ser
Event: 1.480 loading class java/io/Externalizable
Event: 1.480 loading class java/io/Externalizable done
Event: 1.480 loading class java/time/zone/Ser done
Event: 1.481 loading class java/time/zone/ZoneOffsetTransition
Event: 1.481 loading class java/time/zone/ZoneOffsetTransition done


Dynamic libraries:
0x00007ff723f20000 - 0x00007ff723f30000 	C:\Program Files\Java\jdk-17\bin\java.exe
0x00007ffc85890000 - 0x00007ffc85aa7000 	C:\WINDOWS\SYSTEM32\ntdll.dll
0x00007ffc84470000 - 0x00007ffc84534000 	C:\WINDOWS\System32\KERNEL32.DLL
0x00007ffc82d10000 - 0x00007ffc830c7000 	C:\WINDOWS\System32\KERNELBASE.dll
0x00007ffc831f0000 - 0x00007ffc83301000 	C:\WINDOWS\System32\ucrtbase.dll
0x00007ffc7dcc0000 - 0x00007ffc7dcdb000 	C:\Program Files\Java\jdk-17\bin\VCRUNTIME140.dll
0x00007ffc7db90000 - 0x00007ffc7dba9000 	C:\Program Files\Java\jdk-17\bin\jli.dll
0x00007ffc85660000 - 0x00007ffc85712000 	C:\WINDOWS\System32\ADVAPI32.dll
0x00007ffc85720000 - 0x00007ffc857c7000 	C:\WINDOWS\System32\msvcrt.dll
0x00007ffc835c0000 - 0x00007ffc83668000 	C:\WINDOWS\System32\sechost.dll
0x00007ffc83310000 - 0x00007ffc83338000 	C:\WINDOWS\System32\bcrypt.dll
0x00007ffc83980000 - 0x00007ffc83a94000 	C:\WINDOWS\System32\RPCRT4.dll
0x00007ffc837d0000 - 0x00007ffc8397f000 	C:\WINDOWS\System32\USER32.dll
0x00007ffc624d0000 - 0x00007ffc62763000 	C:\WINDOWS\WinSxS\amd64_microsoft.windows.common-controls_6595b64144ccf1df_6.0.22621.3672_none_2713b9d173822955\COMCTL32.dll
0x00007ffc83590000 - 0x00007ffc835b6000 	C:\WINDOWS\System32\win32u.dll
0x00007ffc85240000 - 0x00007ffc85269000 	C:\WINDOWS\System32\GDI32.dll
0x00007ffc83470000 - 0x00007ffc83588000 	C:\WINDOWS\System32\gdi32full.dll
0x00007ffc830d0000 - 0x00007ffc8316a000 	C:\WINDOWS\System32\msvcp_win.dll
0x00007ffc7a9f0000 - 0x00007ffc7a9fa000 	C:\WINDOWS\SYSTEM32\VERSION.dll
0x00007ffc84850000 - 0x00007ffc84881000 	C:\WINDOWS\System32\IMM32.DLL
0x00007ffc7ea20000 - 0x00007ffc7ea2c000 	C:\Program Files\Java\jdk-17\bin\vcruntime140_1.dll
0x00007ffc730b0000 - 0x00007ffc7313e000 	C:\Program Files\Java\jdk-17\bin\msvcp140.dll
0x00007ffc3c470000 - 0x00007ffc3d050000 	C:\Program Files\Java\jdk-17\bin\server\jvm.dll
0x00007ffc85270000 - 0x00007ffc85278000 	C:\WINDOWS\System32\PSAPI.DLL
0x00007ffc58000000 - 0x00007ffc58009000 	C:\WINDOWS\SYSTEM32\WSOCK32.dll
0x00007ffc7d9a0000 - 0x00007ffc7d9d4000 	C:\WINDOWS\SYSTEM32\WINMM.dll
0x00007ffc83e70000 - 0x00007ffc83ee1000 	C:\WINDOWS\System32\WS2_32.dll
0x00007ffc81bf0000 - 0x00007ffc81c08000 	C:\WINDOWS\SYSTEM32\kernel.appcore.dll
0x00007ffc7e750000 - 0x00007ffc7e75a000 	C:\Program Files\Java\jdk-17\bin\jimage.dll
0x00007ffc6da20000 - 0x00007ffc6dc52000 	C:\WINDOWS\SYSTEM32\DBGHELP.DLL
0x00007ffc85280000 - 0x00007ffc8560e000 	C:\WINDOWS\System32\combase.dll
0x00007ffc84540000 - 0x00007ffc84617000 	C:\WINDOWS\System32\OLEAUT32.dll
0x00007ffc6d8f0000 - 0x00007ffc6d922000 	C:\WINDOWS\SYSTEM32\dbgcore.DLL
0x00007ffc83170000 - 0x00007ffc831eb000 	C:\WINDOWS\System32\bcryptPrimitives.dll
0x00007ffc7caf0000 - 0x00007ffc7cafe000 	C:\Program Files\Java\jdk-17\bin\instrument.dll
0x00007ffc7db60000 - 0x00007ffc7db85000 	C:\Program Files\Java\jdk-17\bin\java.dll
0x00007ffc72fd0000 - 0x00007ffc730a7000 	C:\Program Files\Java\jdk-17\bin\jsvml.dll
0x00007ffc84920000 - 0x00007ffc85189000 	C:\WINDOWS\System32\SHELL32.dll
0x00007ffc80b10000 - 0x00007ffc8140f000 	C:\WINDOWS\SYSTEM32\windows.storage.dll
0x00007ffc809d0000 - 0x00007ffc80b0f000 	C:\WINDOWS\SYSTEM32\wintypes.dll
0x00007ffc83c60000 - 0x00007ffc83d59000 	C:\WINDOWS\System32\SHCORE.dll
0x00007ffc83db0000 - 0x00007ffc83e0e000 	C:\WINDOWS\System32\shlwapi.dll
0x00007ffc82ad0000 - 0x00007ffc82af7000 	C:\WINDOWS\SYSTEM32\profapi.dll
0x00007ffc753a0000 - 0x00007ffc753b9000 	C:\Program Files\Java\jdk-17\bin\net.dll
0x00007ffc7df50000 - 0x00007ffc7e086000 	C:\WINDOWS\SYSTEM32\WINHTTP.dll
0x00007ffc82060000 - 0x00007ffc820c9000 	C:\WINDOWS\system32\mswsock.dll
0x00007ffc72fb0000 - 0x00007ffc72fc6000 	C:\Program Files\Java\jdk-17\bin\nio.dll
0x00007ffc66b00000 - 0x00007ffc66b18000 	C:\Program Files\Java\jdk-17\bin\zip.dll
0x00007ffc755d0000 - 0x00007ffc755ea000 	C:\Program Files\JetBrains\IntelliJ IDEA 2022.1\bin\breakgen64.dll
0x000001ec132c0000 - 0x000001ec132c3000 	C:\Users\ADMIN\.openjfx\cache\17.0.6\api-ms-win-core-console-l1-1-0.dll
0x000001ec139d0000 - 0x000001ec139d3000 	C:\Users\ADMIN\.openjfx\cache\17.0.6\api-ms-win-core-console-l1-2-0.dll
0x000001ec139e0000 - 0x000001ec139e3000 	C:\Users\ADMIN\.openjfx\cache\17.0.6\api-ms-win-core-datetime-l1-1-0.dll
0x000001ec139f0000 - 0x000001ec139f3000 	C:\Users\ADMIN\.openjfx\cache\17.0.6\api-ms-win-core-debug-l1-1-0.dll
0x000001ec13a00000 - 0x000001ec13a03000 	C:\Users\ADMIN\.openjfx\cache\17.0.6\api-ms-win-core-errorhandling-l1-1-0.dll
0x000001ec13a10000 - 0x000001ec13a14000 	C:\Users\ADMIN\.openjfx\cache\17.0.6\api-ms-win-core-file-l1-1-0.dll
0x000001ec13a20000 - 0x000001ec13a23000 	C:\Users\ADMIN\.openjfx\cache\17.0.6\api-ms-win-core-file-l1-2-0.dll
0x000001ec13a30000 - 0x000001ec13a33000 	C:\Users\ADMIN\.openjfx\cache\17.0.6\api-ms-win-core-file-l2-1-0.dll
0x000001ec13a40000 - 0x000001ec13a43000 	C:\Users\ADMIN\.openjfx\cache\17.0.6\api-ms-win-core-handle-l1-1-0.dll
0x000001ec13a50000 - 0x000001ec13a53000 	C:\Users\ADMIN\.openjfx\cache\17.0.6\api-ms-win-core-heap-l1-1-0.dll
0x000001ec13a60000 - 0x000001ec13a63000 	C:\Users\ADMIN\.openjfx\cache\17.0.6\api-ms-win-core-interlocked-l1-1-0.dll
0x000001ec13a70000 - 0x000001ec13a73000 	C:\Users\ADMIN\.openjfx\cache\17.0.6\api-ms-win-core-libraryloader-l1-1-0.dll
0x000001ec13a80000 - 0x000001ec13a83000 	C:\Users\ADMIN\.openjfx\cache\17.0.6\api-ms-win-core-localization-l1-2-0.dll
0x000001ec13a90000 - 0x000001ec13a93000 	C:\Users\ADMIN\.openjfx\cache\17.0.6\api-ms-win-core-memory-l1-1-0.dll
0x000001ec13aa0000 - 0x000001ec13aa3000 	C:\Users\ADMIN\.openjfx\cache\17.0.6\api-ms-win-core-namedpipe-l1-1-0.dll
0x000001ec13ab0000 - 0x000001ec13ab3000 	C:\Users\ADMIN\.openjfx\cache\17.0.6\api-ms-win-core-processenvironment-l1-1-0.dll
0x000001ec13ac0000 - 0x000001ec13ac3000 	C:\Users\ADMIN\.openjfx\cache\17.0.6\api-ms-win-core-processthreads-l1-1-0.dll
0x000001ec13ad0000 - 0x000001ec13ad3000 	C:\Users\ADMIN\.openjfx\cache\17.0.6\api-ms-win-core-processthreads-l1-1-1.dll
0x000001ec13ae0000 - 0x000001ec13ae3000 	C:\Users\ADMIN\.openjfx\cache\17.0.6\api-ms-win-core-profile-l1-1-0.dll
0x000001ec13af0000 - 0x000001ec13af3000 	C:\Users\ADMIN\.openjfx\cache\17.0.6\api-ms-win-core-rtlsupport-l1-1-0.dll
0x000001ec13b00000 - 0x000001ec13b03000 	C:\Users\ADMIN\.openjfx\cache\17.0.6\api-ms-win-core-string-l1-1-0.dll
0x000001ec13b10000 - 0x000001ec13b13000 	C:\Users\ADMIN\.openjfx\cache\17.0.6\api-ms-win-core-synch-l1-1-0.dll
0x000001ec13b20000 - 0x000001ec13b23000 	C:\Users\ADMIN\.openjfx\cache\17.0.6\api-ms-win-core-synch-l1-2-0.dll
0x000001ec13b30000 - 0x000001ec13b33000 	C:\Users\ADMIN\.openjfx\cache\17.0.6\api-ms-win-core-sysinfo-l1-1-0.dll
0x000001ec13b40000 - 0x000001ec13b43000 	C:\Users\ADMIN\.openjfx\cache\17.0.6\api-ms-win-core-timezone-l1-1-0.dll
0x000001ec13b50000 - 0x000001ec13b53000 	C:\Users\ADMIN\.openjfx\cache\17.0.6\api-ms-win-core-util-l1-1-0.dll
0x000001ec13b60000 - 0x000001ec13b63000 	C:\Users\ADMIN\.openjfx\cache\17.0.6\api-ms-win-crt-conio-l1-1-0.dll
0x000001ec13b70000 - 0x000001ec13b74000 	C:\Users\ADMIN\.openjfx\cache\17.0.6\api-ms-win-crt-convert-l1-1-0.dll
0x000001ec13b80000 - 0x000001ec13b83000 	C:\Users\ADMIN\.openjfx\cache\17.0.6\api-ms-win-crt-environment-l1-1-0.dll
0x000001ec13b90000 - 0x000001ec13b93000 	C:\Users\ADMIN\.openjfx\cache\17.0.6\api-ms-win-crt-filesystem-l1-1-0.dll
0x000001ec13ba0000 - 0x000001ec13ba3000 	C:\Users\ADMIN\.openjfx\cache\17.0.6\api-ms-win-crt-heap-l1-1-0.dll
0x000001ec13bb0000 - 0x000001ec13bb3000 	C:\Users\ADMIN\.openjfx\cache\17.0.6\api-ms-win-crt-locale-l1-1-0.dll
0x000001ec13bc0000 - 0x000001ec13bc5000 	C:\Users\ADMIN\.openjfx\cache\17.0.6\api-ms-win-crt-math-l1-1-0.dll
0x000001ec13bd0000 - 0x000001ec13bd5000 	C:\Users\ADMIN\.openjfx\cache\17.0.6\api-ms-win-crt-multibyte-l1-1-0.dll
0x000001ec13be0000 - 0x000001ec13bf0000 	C:\Users\ADMIN\.openjfx\cache\17.0.6\api-ms-win-crt-private-l1-1-0.dll
0x000001ec13bf0000 - 0x000001ec13bf3000 	C:\Users\ADMIN\.openjfx\cache\17.0.6\api-ms-win-crt-process-l1-1-0.dll
0x000001ec13c00000 - 0x000001ec13c04000 	C:\Users\ADMIN\.openjfx\cache\17.0.6\api-ms-win-crt-runtime-l1-1-0.dll
0x000001ec13c10000 - 0x000001ec13c14000 	C:\Users\ADMIN\.openjfx\cache\17.0.6\api-ms-win-crt-stdio-l1-1-0.dll
0x000001ec13c20000 - 0x000001ec13c24000 	C:\Users\ADMIN\.openjfx\cache\17.0.6\api-ms-win-crt-string-l1-1-0.dll
0x000001ec13c30000 - 0x000001ec13c33000 	C:\Users\ADMIN\.openjfx\cache\17.0.6\api-ms-win-crt-time-l1-1-0.dll
0x000001ec13c40000 - 0x000001ec13c43000 	C:\Users\ADMIN\.openjfx\cache\17.0.6\api-ms-win-crt-utility-l1-1-0.dll
0x00007ffc37df0000 - 0x00007ffc37eec000 	C:\Users\ADMIN\.openjfx\cache\17.0.6\ucrtbase.dll
0x00007ffc753f0000 - 0x00007ffc7540a000 	C:\Users\ADMIN\.openjfx\cache\17.0.6\vcruntime140.dll
0x00007ffc7cac0000 - 0x00007ffc7cacc000 	C:\Users\ADMIN\.openjfx\cache\17.0.6\vcruntime140_1.dll
0x00007ffc4bd90000 - 0x00007ffc4be1d000 	C:\Users\ADMIN\.openjfx\cache\17.0.6\msvcp140.dll
0x00007ffc79390000 - 0x00007ffc79399000 	C:\Users\ADMIN\.openjfx\cache\17.0.6\msvcp140_1.dll
0x00007ffc71860000 - 0x00007ffc7188f000 	C:\Users\ADMIN\.openjfx\cache\17.0.6\msvcp140_2.dll

dbghelp: loaded successfully - version: 4.0.5 - missing functions: none
symbol engine: initialized successfully - sym options: 0x614 - pdb path: .;C:\Program Files\Java\jdk-17\bin;C:\WINDOWS\SYSTEM32;C:\WINDOWS\WinSxS\amd64_microsoft.windows.common-controls_6595b64144ccf1df_6.0.22621.3672_none_2713b9d173822955;C:\Program Files\Java\jdk-17\bin\server;C:\Program Files\JetBrains\IntelliJ IDEA 2022.1\bin;C:\Users\ADMIN\.openjfx\cache\17.0.6

VM Arguments:
jvm_args: -javaagent:C:\Program Files\JetBrains\IntelliJ IDEA 2022.1\lib\idea_rt.jar=60416:C:\Program Files\JetBrains\IntelliJ IDEA 2022.1\bin -Dfile.encoding=UTF-8 --module-path=D:\oop\LibraryManagementSystem2\target\classes;C:\Users\ADMIN\.m2\repository\org\openjfx\javafx-controls\17.0.6\javafx-controls-17.0.6-win.jar;C:\Users\ADMIN\.m2\repository\org\openjfx\javafx-base\17.0.6\javafx-base-17.0.6-win.jar;C:\Users\ADMIN\.m2\repository\org\openjfx\javafx-fxml\17.0.6\javafx-fxml-17.0.6-win.jar;C:\Users\ADMIN\.m2\repository\com\dlsc\formsfx\formsfx-core\11.6.0\formsfx-core-11.6.0.jar;C:\Users\ADMIN\.m2\repository\org\openjfx\javafx-graphics\17.0.6\javafx-graphics-17.0.6-win.jar -Djdk.module.main=com.example.librarymanagementsystem2 
java_command: com.example.librarymanagementsystem2/com.example.librarymanagementsystem2.HelloApplication
java_class_path (initial): C:\Users\ADMIN\.m2\repository\org\openjfx\javafx-controls\17.0.6\javafx-controls-17.0.6.jar;C:\Users\ADMIN\.m2\repository\org\openjfx\javafx-graphics\17.0.6\javafx-graphics-17.0.6.jar;C:\Users\ADMIN\.m2\repository\org\openjfx\javafx-base\17.0.6\javafx-base-17.0.6.jar;C:\Users\ADMIN\.m2\repository\org\openjfx\javafx-fxml\17.0.6\javafx-fxml-17.0.6.jar;D:\oop\LibraryManagementSystem2\lib\fontawesomefx-8.2.jar;D:\oop\LibraryManagementSystem2\lib\mysql-connector-j-9.1.0.jar
Launcher Type: SUN_STANDARD

[Global flags]
     intx CICompilerCount                          = 4                                         {product} {ergonomic}
     uint ConcGCThreads                            = 2                                         {product} {ergonomic}
     uint G1ConcRefinementThreads                  = 8                                         {product} {ergonomic}
   size_t G1HeapRegionSize                         = 1048576                                   {product} {ergonomic}
    uintx GCDrainStackTargetSize                   = 64                                        {product} {ergonomic}
   size_t InitialHeapSize                          = 58720256                                  {product} {ergonomic}
   size_t MarkStackSize                            = 4194304                                   {product} {ergonomic}
   size_t MaxHeapSize                              = 908066816                                 {product} {ergonomic}
   size_t MaxNewSize                               = 544210944                                 {product} {ergonomic}
   size_t MinHeapDeltaBytes                        = 1048576                                   {product} {ergonomic}
   size_t MinHeapSize                              = 8388608                                   {product} {ergonomic}
    uintx NonNMethodCodeHeapSize                   = 5839372                                {pd product} {ergonomic}
    uintx NonProfiledCodeHeapSize                  = 122909434                              {pd product} {ergonomic}
    uintx ProfiledCodeHeapSize                     = 122909434                              {pd product} {ergonomic}
    uintx ReservedCodeCacheSize                    = 251658240                              {pd product} {ergonomic}
     bool SegmentedCodeCache                       = true                                      {product} {ergonomic}
   size_t SoftMaxHeapSize                          = 908066816                              {manageable} {ergonomic}
     bool UseCompressedClassPointers               = true                           {product lp64_product} {ergonomic}
     bool UseCompressedOops                        = true                           {product lp64_product} {ergonomic}
     bool UseG1GC                                  = true                                      {product} {ergonomic}
     bool UseLargePagesIndividualAllocation        = false                                  {pd product} {ergonomic}

Logging:
Log output configuration:
 #0: stdout all=warning uptime,level,tags
 #1: stderr all=off uptime,level,tags

Environment Variables:
JAVA_HOME=C:\Program Files\Java\jdk-17
PATH=C:\Program Files\Common Files\Oracle\Java\javapath;C:\Program Files (x86)\Common Files\Oracle\Java\java8path;C:\Program Files (x86)\Common Files\Oracle\Java\javapath;C:\WINDOWS\system32;C:\WINDOWS;C:\WINDOWS\System32\Wbem;C:\WINDOWS\System32\WindowsPowerShell\v1.0\;C:\WINDOWS\System32\OpenSSH\;C:\FPC\3.2.2\bin\i386-Win32;C:\Program Files\Microsoft SQL Server\150\Tools\Binn\;C:\MinGW\bin;C:\Program Files (x86)\Microsoft SQL Server\160\Tools\Binn\;C:\Program Files\Microsoft SQL Server\160\Tools\Binn\;C:\Program Files\Microsoft SQL Server\Client SDK\ODBC\170\Tools\Binn\;C:\Program Files\Microsoft SQL Server\160\DTS\Binn\;C:\Program Files (x86)\Microsoft SQL Server\160\DTS\Binn\;C:\Program Files\MySQL\MySQL Server 8.0\bin;C:\Program Files\Git\cmd;C:\Program Files\Java\jdk-17\bin;C:\javafx-sdk-23\lib;C:\Program Files\MySQL\MySQL Shell 8.0\bin\;C:\Users\ADMIN\AppData\Local\Microsoft\WindowsApps;C:\Users\ADMIN\AppData\Local\Programs\Microsoft VS Code\bin;C:\msys64\ucrt64\bin;;C:\Program Files\JetBrains\IntelliJ IDEA Community Edition 2024.2.3\bin;;C:\Program Files\JetBrains\IntelliJ IDEA 2022.1\bin;
USERNAME=ADMIN
OS=Windows_NT
PROCESSOR_IDENTIFIER=AMD64 Family 23 Model 24 Stepping 1, AuthenticAMD



---------------  S Y S T E M  ---------------

OS:
 Windows 11 , 64 bit Build 22621 (10.0.22621.3958)
OS uptime: 27 days 14:07 hours

CPU: total 8 (initial active 8) (8 cores per cpu, 2 threads per core) family 23 model 24 stepping 1 microcode 0x0, cx8, cmov, fxsr, ht, mmx, 3dnowpref, sse, sse2, sse3, ssse3, sse4a, sse4.1, sse4.2, popcnt, lzcnt, tsc, tscinvbit, avx, avx2, aes, clmul, bmi1, bmi2, adx, sha, fma, vzeroupper, clflush, clflushopt

Memory: 4k page, system-wide physical 3459M (182M free)
TotalPageFile size 11651M (AvailPageFile size 0M)
current process WorkingSet (physical memory assigned to process): 59M, peak: 59M
current process commit charge ("private bytes"): 144M, peak: 144M

vm_info: Java HotSpot(TM) 64-Bit Server VM (17.0.12+8-LTS-286) for windows-amd64 JRE (17.0.12+8-LTS-286), built on Jun  5 2024 06:46:59 by "mach5one" with MS VC++ 17.6 (VS2022)

END.
